0 info it worked if it ends with ok
1 verbose cli [ '/usr/local/bin/node', '/usr/local/bin/npm', 'start' ]
2 info using npm@1.2.12
3 info using node@v0.9.12
4 verbose read json /home/jb/projects/esnext/package.json
5 verbose run-script [ 'prestart', 'start', 'poststart' ]
6 info prestart reveal.js@3.4.1
7 info start reveal.js@3.4.1
8 verbose unsafe-perm in lifecycle true
9 silly exec sh "-c" "grunt serve"
10 silly sh,-c,grunt serve,/home/jb/projects/esnext spawning
11 info reveal.js@3.4.1 Failed to exec start script
12 error reveal.js@3.4.1 start: `grunt serve`
12 error `sh "-c" "grunt serve"` failed with 3
13 error Failed at the reveal.js@3.4.1 start script.
13 error This is most likely a problem with the reveal.js package,
13 error not with npm itself.
13 error Tell the author that this fails on your system:
13 error     grunt serve
13 error You can get their info via:
13 error     npm owner ls reveal.js
13 error There is likely additional logging output above.
14 error System Linux 4.4.0-62-generic
15 error command "/usr/local/bin/node" "/usr/local/bin/npm" "start"
16 error cwd /home/jb/projects/esnext
17 error node -v v0.9.12
18 error npm -v 1.2.12
19 error code ELIFECYCLE
20 verbose exit [ 1, true ]
